2014-07-14 00:06:55.108 (1799) [info] シェル側 (pid=1801)
2014-07-14 00:06:55.112 (1801) [info] メイン処理 (pid=0)
2014-07-14 00:06:55.112 (1801) [info] ### start ###
2014-07-14 00:06:55.112 (1801) [info] (処理中)
2014-07-14 00:06:56.113 (1801) [info] (処理中)
2014-07-14 00:06:57.113 (1801) [info] (処理中)
2014-07-14 00:06:58.114 (1801) [info] (処理中)
2014-07-14 00:06:59.115 (1801) [info] (処理中)
2014-07-14 00:07:00.115 (1801) [info] (処理中)
2014-07-14 00:07:01.116 (1801) [info] (処理中)
2014-07-14 00:07:02.117 (1801) [info] (処理中)
2014-07-14 00:07:03.117 (1801) [info] (処理中)
2014-07-14 00:07:04.118 (1801) [info] (処理中)
2014-07-14 00:07:05.119 (1801) [info] (処理中)
2014-07-14 00:07:06.119 (1801) [info] (処理中)
2014-07-14 00:07:07.120 (1801) [info] (処理中)
2014-07-14 00:07:08.121 (1801) [info] (処理中)
2014-07-14 00:07:09.121 (1801) [info] (処理中)
2014-07-14 00:07:10.122 (1801) [info] (処理中)
2014-07-14 00:07:11.123 (1801) [info] (処理中)
2014-07-14 00:07:12.123 (1801) [info] (処理中)
2014-07-14 00:07:13.124 (1801) [info] (処理中)
2014-07-14 00:07:14.125 (1801) [info] (処理中)
2014-07-14 00:07:14.778 (1801) [info] caught signal [INT]
2014-07-14 00:07:14.778 (1801) [info] --- end ---
